#
# There is insufficient memory for the Java Runtime Environment to continue.
# Native memory allocation (malloc) failed to allocate 189136 bytes for Chunk::new
# Possible reasons:
#   The system is out of physical RAM or swap space
#   The process is running with CompressedOops enabled, and the Java Heap may be blocking the growth of the native heap
# Possible solutions:
#   Reduce memory load on the system
#   Increase physical memory or swap space
#   Check if swap backing store is full
#   Decrease Java heap size (-Xmx/-Xms)
#   Decrease number of Java threads
#   Decrease Java thread stack sizes (-Xss)
#   Set larger code cache with -XX:ReservedCodeCacheSize=
#   JVM is running with Unscaled Compressed Oops mode in which the Java heap is
#     placed in the first 4GB address space. The Java Heap base address is the
#     maximum limit for the native heap growth. Please use -XX:HeapBaseMinAddress
#     to set the Java Heap base and to place the Java Heap above 4GB virtual address.
# This output file may be truncated or incomplete.
#
#  Out of Memory Error (arena.cpp:189), pid=8644, tid=2552
#
# JRE version: OpenJDK Runtime Environment (17.0.6) (build 17.0.6+0-b2043.56-10027231)
# Java VM: OpenJDK 64-Bit Server VM (17.0.6+0-b2043.56-10027231, mixed mode, tiered, compressed oops, compressed class ptrs, g1 gc, windows-amd64)
# No core dump will be written. Minidumps are not enabled by default on client versions of Windows
#

---------------  S U M M A R Y ------------

Command Line: org.jetbrains.kotlin.cli.jvm.K2JVMCompiler @C:\Users\Administrator\Downloads\NiFlex\NiFlex\build\admob_flutter\20231218_12945696383332959736.compiler.options

Host: Intel(R) Core(TM) i7-8550U CPU @ 1.80GHz, 8 cores, 7G,  Windows 11 , 64 bit Build 22621 (10.0.22621.2506)
Time: Mon Dec 18 12:56:28 2023 SE Asia Standard Time elapsed time: 4.608390 seconds (0d 0h 0m 4s)

---------------  T H R E A D  ---------------

Current thread (0x0000026842450c40):  JavaThread "C2 CompilerThread0" daemon [_thread_in_native, id=2552, stack(0x00000081d4700000,0x00000081d4800000)]


Current CompileTask:
C2:   4608 3097       4       org.jetbrains.org.objectweb.asm.ClassReader::readElementValue (1237 bytes)

Stack: [0x00000081d4700000,0x00000081d4800000]
Native frames: (J=compiled Java code, j=interpreted, Vv=VM code, C=native code)
V  [jvm.dll+0x683c9a]
V  [jvm.dll+0x8427a4]
V  [jvm.dll+0x843f9e]
V  [jvm.dll+0x844603]
V  [jvm.dll+0x249b75]
V  [jvm.dll+0xabcac]
V  [jvm.dll+0xac27c]
V  [jvm.dll+0x11f257]
V  [jvm.dll+0x615b35]
V  [jvm.dll+0x614204]
V  [jvm.dll+0x21c078]
V  [jvm.dll+0x21b621]
V  [jvm.dll+0x1a4fdd]
V  [jvm.dll+0x22b098]
V  [jvm.dll+0x229159]
V  [jvm.dll+0x7f81ec]
V  [jvm.dll+0x7f274a]
V  [jvm.dll+0x682ad5]
C  [ucrtbase.dll+0x29363]
C  [KERNEL32.DLL+0x1257d]
C  [ntdll.dll+0x5aa58]


---------------  P R O C E S S  ---------------

Threads class SMR info:
_java_thread_list=0x0000026842e8c6a0, length=12, elements={
0x0000026825bbc0c0, 0x00000268418d3ab0, 0x00000268418d5930, 0x0000026842433080,
0x0000026842435950, 0x0000026842439230, 0x0000026842439be0, 0x0000026842450c40,
0x0000026842459550, 0x000002684245a330, 0x00000268425d4f10, 0x00000268425d53e0
}

Java Threads: ( => current thread )
  0x0000026825bbc0c0 JavaThread "main" [_thread_in_native, id=7436, stack(0x00000081d3a00000,0x00000081d3b00000)]
  0x00000268418d3ab0 JavaThread "Reference Handler" daemon [_thread_blocked, id=14004, stack(0x00000081d4100000,0x00000081d4200000)]
  0x00000268418d5930 JavaThread "Finalizer" daemon [_thread_blocked, id=13444, stack(0x00000081d4200000,0x00000081d4300000)]
  0x0000026842433080 JavaThread "Signal Dispatcher" daemon [_thread_blocked, id=9448, stack(0x00000081d4300000,0x00000081d4400000)]
  0x0000026842435950 JavaThread "Attach Listener" daemon [_thread_blocked, id=8772, stack(0x00000081d4400000,0x00000081d4500000)]
  0x0000026842439230 JavaThread "Service Thread" daemon [_thread_blocked, id=16688, stack(0x00000081d4500000,0x00000081d4600000)]
  0x0000026842439be0 JavaThread "Monitor Deflation Thread" daemon [_thread_blocked, id=15924, stack(0x00000081d4600000,0x00000081d4700000)]
=>0x0000026842450c40 JavaThread "C2 CompilerThread0" daemon [_thread_in_native, id=2552, stack(0x00000081d4700000,0x00000081d4800000)]
  0x0000026842459550 JavaThread "C1 CompilerThread0" daemon [_thread_blocked, id=6272, stack(0x00000081d4800000,0x00000081d4900000)]
  0x000002684245a330 JavaThread "Sweeper thread" daemon [_thread_blocked, id=8696, stack(0x00000081d4900000,0x00000081d4a00000)]
  0x00000268425d4f10 JavaThread "Notification Thread" daemon [_thread_blocked, id=10860, stack(0x00000081d4a00000,0x00000081d4b00000)]
  0x00000268425d53e0 JavaThread "Common-Cleaner" daemon [_thread_blocked, id=12496, stack(0x00000081d4c00000,0x00000081d4d00000)]

Other Threads:
  0x00000268418cce80 VMThread "VM Thread" [stack: 0x00000081d4000000,0x00000081d4100000] [id=14688]
  0x0000026825c2e0d0 WatcherThread [stack: 0x00000081d4b00000,0x00000081d4c00000] [id=13164]
  0x0000026825c15300 GCTaskThread "GC Thread#0" [stack: 0x00000081d3b00000,0x00000081d3c00000] [id=9576]
  0x0000026842c56d10 GCTaskThread "GC Thread#1" [stack: 0x00000081d4e00000,0x00000081d4f00000] [id=12828]
  0x0000026842bf7cb0 GCTaskThread "GC Thread#2" [stack: 0x00000081d4f00000,0x00000081d5000000] [id=10828]
  0x0000026842bd8000 GCTaskThread "GC Thread#3" [stack: 0x00000081d5000000,0x00000081d5100000] [id=16344]
  0x0000026842c53f20 GCTaskThread "GC Thread#4" [stack: 0x00000081d5100000,0x00000081d5200000] [id=14716]
  0x0000026842c541d0 GCTaskThread "GC Thread#5" [stack: 0x00000081d5200000,0x00000081d5300000] [id=12616]
  0x0000026842f62440 GCTaskThread "GC Thread#6" [stack: 0x00000081d4d00000,0x00000081d4e00000] [id=5228]
  0x0000026842dfc8c0 GCTaskThread "GC Thread#7" [stack: 0x00000081d5300000,0x00000081d5400000] [id=17188]
  0x0000026825c26ed0 ConcurrentGCThread "G1 Main Marker" [stack: 0x00000081d3c00000,0x00000081d3d00000] [id=17236]
  0x0000026825c278e0 ConcurrentGCThread "G1 Conc#0" [stack: 0x00000081d3d00000,0x00000081d3e00000] [id=3164]
  0x0000026842c51f00 ConcurrentGCThread "G1 Conc#1" [stack: 0x00000081d5400000,0x00000081d5500000] [id=6608]
  0x0000026825c7e120 ConcurrentGCThread "G1 Refine#0" [stack: 0x00000081d3e00000,0x00000081d3f00000] [id=11936]
  0x0000026825c7eb40 ConcurrentGCThread "G1 Service" [stack: 0x00000081d3f00000,0x00000081d4000000] [id=10856]

Threads with active compile tasks:
C2 CompilerThread0     4622 3097       4       org.jetbrains.org.objectweb.asm.ClassReader::readElementValue (1237 bytes)

VM state: not at safepoint (normal execution)

VM Mutex/Monitor currently owned by a thread: None

Heap address: 0x0000000081c00000, size: 2020 MB, Compressed Oops mode: 32-bit

CDS archive(s) not mapped
Compressed class space mapped at: 0x0000000100000000-0x0000000140000000, reserved size: 1073741824
Narrow klass base: 0x0000000000000000, Narrow klass shift: 3, Narrow klass range: 0x140000000

GC Precious Log:
 CPUs: 8 total, 8 available
 Memory: 8074M
 Large Page Support: Disabled
 NUMA Support: Disabled
 Compressed Oops: Enabled (32-bit)
 Heap Region Size: 1M
 Heap Min Capacity: 8M
 Heap Initial Capacity: 128M
 Heap Max Capacity: 2020M
 Pre-touch: Disabled
 Parallel Workers: 8
 Concurrent Workers: 2
 Concurrent Refinement Workers: 8
 Periodic GC: Disabled

Heap:
 garbage-first heap   total 77824K, used 33657K [0x0000000081c00000, 0x0000000100000000)
  region size 1024K, 10 young (10240K), 2 survivors (2048K)
 Metaspace       used 44564K, committed 44800K, reserved 1089536K
  class space    used 5377K, committed 5504K, reserved 1048576K

Heap Regions: E=young(eden), S=young(survivor), O=old, HS=humongous(starts), HC=humongous(continues), CS=collection set, F=free, OA=open archive, CA=closed archive, TAMS=top-at-mark-start (previous, next)
|   0|0x0000000081c00000, 0x0000000081d00000, 0x0000000081d00000|100%|HS|  |TAMS 0x0000000081d00000, 0x0000000081c00000| Complete 
|   1|0x0000000081d00000, 0x0000000081e00000, 0x0000000081e00000|100%|HC|  |TAMS 0x0000000081e00000, 0x0000000081d00000| Complete 
|   2|0x0000000081e00000, 0x0000000081f00000, 0x0000000081f00000|100%|HC|  |TAMS 0x0000000081f00000, 0x0000000081e00000| Complete 
|   3|0x0000000081f00000, 0x0000000082000000, 0x0000000082000000|100%|HC|  |TAMS 0x0000000082000000, 0x0000000081f00000| Complete 
|   4|0x0000000082000000, 0x000000008207fc00, 0x0000000082100000| 49%| O|  |TAMS 0x000000008207fc00, 0x0000000082000000| Untracked 
|   5|0x0000000082100000, 0x0000000082200000, 0x0000000082200000|100%| O|  |TAMS 0x0000000082200000, 0x0000000082100000| Untracked 
|   6|0x0000000082200000, 0x0000000082300000, 0x0000000082300000|100%| O|  |TAMS 0x0000000082300000, 0x0000000082200000| Untracked 
|   7|0x0000000082300000, 0x0000000082400000, 0x0000000082400000|100%| O|  |TAMS 0x0000000082400000, 0x0000000082300000| Untracked 
|   8|0x0000000082400000, 0x0000000082500000, 0x0000000082500000|100%| O|  |TAMS 0x0000000082500000, 0x0000000082400000| Untracked 
|   9|0x0000000082500000, 0x0000000082600000, 0x0000000082600000|100%| O|  |TAMS 0x0000000082600000, 0x0000000082500000| Untracked 
|  10|0x0000000082600000, 0x0000000082700000, 0x0000000082700000|100%| O|  |TAMS 0x0000000082700000, 0x0000000082600000| Untracked 
|  11|0x0000000082700000, 0x0000000082800000, 0x0000000082800000|100%| O|  |TAMS 0x0000000082800000, 0x0000000082700000| Untracked 
|  12|0x0000000082800000, 0x0000000082900000, 0x0000000082900000|100%| O|  |TAMS 0x0000000082900000, 0x0000000082800000| Untracked 
|  13|0x0000000082900000, 0x0000000082a00000, 0x0000000082a00000|100%| O|  |TAMS 0x0000000082a00000, 0x0000000082900000| Untracked 
|  14|0x0000000082a00000, 0x0000000082b00000, 0x0000000082b00000|100%| O|  |TAMS 0x0000000082b00000, 0x0000000082a00000| Untracked 
|  15|0x0000000082b00000, 0x0000000082c00000, 0x0000000082c00000|100%| O|  |TAMS 0x0000000082c00000, 0x0000000082b00000| Untracked 
|  16|0x0000000082c00000, 0x0000000082d00000, 0x0000000082d00000|100%| O|  |TAMS 0x0000000082d00000, 0x0000000082c00000| Untracked 
|  17|0x0000000082d00000, 0x0000000082e00000, 0x0000000082e00000|100%| O|  |TAMS 0x0000000082e00000, 0x0000000082d00000| Untracked 
|  18|0x0000000082e00000, 0x0000000082f00000, 0x0000000082f00000|100%| O|  |TAMS 0x0000000082f00000, 0x0000000082e00000| Untracked 
|  19|0x0000000082f00000, 0x0000000083000000, 0x0000000083000000|100%|HS|  |TAMS 0x0000000083000000, 0x0000000082f00000| Complete 
|  20|0x0000000083000000, 0x0000000083100000, 0x0000000083100000|100%|HC|  |TAMS 0x0000000083100000, 0x0000000083000000| Complete 
|  21|0x0000000083100000, 0x0000000083200000, 0x0000000083200000|100%| O|  |TAMS 0x0000000083200000, 0x0000000083100000| Untracked 
|  22|0x0000000083200000, 0x0000000083300000, 0x0000000083300000|100%| O|  |TAMS 0x0000000083300000, 0x0000000083200000| Untracked 
|  23|0x0000000083300000, 0x0000000083400000, 0x0000000083400000|100%| O|  |TAMS 0x0000000083400000, 0x0000000083300000| Untracked 
|  24|0x0000000083400000, 0x00000000834d3400, 0x0000000083500000| 82%| O|  |TAMS 0x0000000083420400, 0x0000000083400000| Untracked 
|  25|0x0000000083500000, 0x0000000083500000, 0x0000000083600000|  0%| F|  |TAMS 0x0000000083500000, 0x0000000083500000| Untracked 
|  26|0x0000000083600000, 0x0000000083600000, 0x0000000083700000|  0%| F|  |TAMS 0x0000000083600000, 0x0000000083600000| Untracked 
|  27|0x0000000083700000, 0x0000000083700000, 0x0000000083800000|  0%| F|  |TAMS 0x0000000083700000, 0x0000000083700000| Untracked 
|  28|0x0000000083800000, 0x0000000083800000, 0x0000000083900000|  0%| F|  |TAMS 0x0000000083800000, 0x0000000083800000| Untracked 
|  29|0x0000000083900000, 0x0000000083900000, 0x0000000083a00000|  0%| F|  |TAMS 0x0000000083900000, 0x0000000083900000| Untracked 
|  30|0x0000000083a00000, 0x0000000083a00000, 0x0000000083b00000|  0%| F|  |TAMS 0x0000000083a00000, 0x0000000083a00000| Untracked 
|  31|0x0000000083b00000, 0x0000000083b00000, 0x0000000083c00000|  0%| F|  |TAMS 0x0000000083b00000, 0x0000000083b00000| Untracked 
|  32|0x0000000083c00000, 0x0000000083c00000, 0x0000000083d00000|  0%| F|  |TAMS 0x0000000083c00000, 0x0000000083c00000| Untracked 
|  33|0x0000000083d00000, 0x0000000083d00000, 0x0000000083e00000|  0%| F|  |TAMS 0x0000000083d00000, 0x0000000083d00000| Untracked 
|  34|0x0000000083e00000, 0x0000000083e00000, 0x0000000083f00000|  0%| F|  |TAMS 0x0000000083e00000, 0x0000000083e00000| Untracked 
|  35|0x0000000083f00000, 0x0000000083f00000, 0x0000000084000000|  0%| F|  |TAMS 0x0000000083f00000, 0x0000000083f00000| Untracked 
|  36|0x0000000084000000, 0x000000008408b620, 0x0000000084100000| 54%| S|CS|TAMS 0x0000000084000000, 0x0000000084000000| Complete 
|  37|0x0000000084100000, 0x0000000084100000, 0x0000000084200000|  0%| F|  |TAMS 0x0000000084100000, 0x0000000084100000| Untracked 
|  38|0x0000000084200000, 0x0000000084200000, 0x0000000084300000|  0%| F|  |TAMS 0x0000000084200000, 0x0000000084200000| Untracked 
|  39|0x0000000084300000, 0x0000000084400000, 0x0000000084400000|100%| S|CS|TAMS 0x0000000084300000, 0x0000000084300000| Complete 
|  40|0x0000000084400000, 0x0000000084400000, 0x0000000084500000|  0%| F|  |TAMS 0x0000000084400000, 0x0000000084400000| Untracked 
|  41|0x0000000084500000, 0x0000000084500000, 0x0000000084600000|  0%| F|  |TAMS 0x0000000084500000, 0x0000000084500000| Untracked 
|  42|0x0000000084600000, 0x0000000084600000, 0x0000000084700000|  0%| F|  |TAMS 0x0000000084600000, 0x0000000084600000| Untracked 
|  43|0x0000000084700000, 0x0000000084700000, 0x0000000084800000|  0%| F|  |TAMS 0x0000000084700000, 0x0000000084700000| Untracked 
|  44|0x0000000084800000, 0x0000000084800000, 0x0000000084900000|  0%| F|  |TAMS 0x0000000084800000, 0x0000000084800000| Untracked 
|  45|0x0000000084900000, 0x0000000084900000, 0x0000000084a00000|  0%| F|  |TAMS 0x0000000084900000, 0x0000000084900000| Untracked 
|  46|0x0000000084a00000, 0x0000000084a00000, 0x0000000084b00000|  0%| F|  |TAMS 0x0000000084a00000, 0x0000000084a00000| Untracked 
|  47|0x0000000084b00000, 0x0000000084b00000, 0x0000000084c00000|  0%| F|  |TAMS 0x0000000084b00000, 0x0000000084b00000| Untracked 
|  48|0x0000000084c00000, 0x0000000084c00000, 0x0000000084d00000|  0%| F|  |TAMS 0x0000000084c00000, 0x0000000084c00000| Untracked 
|  49|0x0000000084d00000, 0x0000000084d00000, 0x0000000084e00000|  0%| F|  |TAMS 0x0000000084d00000, 0x0000000084d00000| Untracked 
|  50|0x0000000084e00000, 0x0000000084e00000, 0x0000000084f00000|  0%| F|  |TAMS 0x0000000084e00000, 0x0000000084e00000| Untracked 
|  51|0x0000000084f00000, 0x0000000084f00000, 0x0000000085000000|  0%| F|  |TAMS 0x0000000084f00000, 0x0000000084f00000| Untracked 
|  52|0x0000000085000000, 0x0000000085000000, 0x0000000085100000|  0%| F|  |TAMS 0x0000000085000000, 0x0000000085000000| Untracked 
|  53|0x0000000085100000, 0x0000000085100000, 0x0000000085200000|  0%| F|  |TAMS 0x0000000085100000, 0x0000000085100000| Untracked 
|  54|0x0000000085200000, 0x0000000085200000, 0x0000000085300000|  0%| F|  |TAMS 0x0000000085200000, 0x0000000085200000| Untracked 
|  55|0x0000000085300000, 0x0000000085300000, 0x0000000085400000|  0%| F|  |TAMS 0x0000000085300000, 0x0000000085300000| Untracked 
|  56|0x0000000085400000, 0x0000000085400000, 0x0000000085500000|  0%| F|  |TAMS 0x0000000085400000, 0x0000000085400000| Untracked 
|  57|0x0000000085500000, 0x0000000085500000, 0x0000000085600000|  0%| F|  |TAMS 0x0000000085500000, 0x0000000085500000| Untracked 
|  58|0x0000000085600000, 0x0000000085600000, 0x0000000085700000|  0%| F|  |TAMS 0x0000000085600000, 0x0000000085600000| Untracked 
|  59|0x0000000085700000, 0x0000000085700000, 0x0000000085800000|  0%| F|  |TAMS 0x0000000085700000, 0x0000000085700000| Untracked 
|  60|0x0000000085800000, 0x0000000085800000, 0x0000000085900000|  0%| F|  |TAMS 0x0000000085800000, 0x0000000085800000| Untracked 
|  61|0x0000000085900000, 0x0000000085900000, 0x0000000085a00000|  0%| F|  |TAMS 0x0000000085900000, 0x0000000085900000| Untracked 
|  62|0x0000000085a00000, 0x0000000085a00000, 0x0000000085b00000|  0%| F|  |TAMS 0x0000000085a00000, 0x0000000085a00000| Untracked 
|  63|0x0000000085b00000, 0x0000000085b00000, 0x0000000085c00000|  0%| F|  |TAMS 0x0000000085b00000, 0x0000000085b00000| Untracked 
|  64|0x0000000085c00000, 0x0000000085c00000, 0x0000000085d00000|  0%| F|  |TAMS 0x0000000085c00000, 0x0000000085c00000| Untracked 
|  65|0x0000000085d00000, 0x0000000085d00000, 0x0000000085e00000|  0%| F|  |TAMS 0x0000000085d00000, 0x0000000085d00000| Untracked 
|  66|0x0000000085e00000, 0x0000000085e00000, 0x0000000085f00000|  0%| F|  |TAMS 0x0000000085e00000, 0x0000000085e00000| Untracked 
|  67|0x0000000085f00000, 0x0000000085f00000, 0x0000000086000000|  0%| F|  |TAMS 0x0000000085f00000, 0x0000000085f00000| Untracked 
|  68|0x0000000086000000, 0x0000000086100000, 0x0000000086100000|100%| E|  |TAMS 0x0000000086000000, 0x0000000086000000| Complete 
|  69|0x0000000086100000, 0x0000000086200000, 0x0000000086200000|100%| E|CS|TAMS 0x0000000086100000, 0x0000000086100000| Complete 
|  70|0x0000000086200000, 0x0000000086300000, 0x0000000086300000|100%| E|CS|TAMS 0x0000000086200000, 0x0000000086200000| Complete 
|  71|0x0000000086300000, 0x0000000086400000, 0x0000000086400000|100%| E|CS|TAMS 0x0000000086300000, 0x0000000086300000| Complete 
|  72|0x0000000086400000, 0x0000000086500000, 0x0000000086500000|100%| E|CS|TAMS 0x0000000086400000, 0x0000000086400000| Complete 
|  73|0x0000000086500000, 0x0000000086600000, 0x0000000086600000|100%| E|CS|TAMS 0x0000000086500000, 0x0000000086500000| Complete 
|  74|0x0000000086600000, 0x0000000086700000, 0x0000000086700000|100%| E|CS|TAMS 0x0000000086600000, 0x0000000086600000| Complete 
| 127|0x0000000089b00000, 0x0000000089c00000, 0x0000000089c00000|100%| E|CS|TAMS 0x0000000089b00000, 0x0000000089b00000| Complete 

Card table byte_map: [0x000002683a6c0000,0x000002683aac0000] _byte_map_base: 0x000002683a2b2000

Marking Bits (Prev, Next): (CMBitMap*) 0x0000026825c15910, (CMBitMap*) 0x0000026825c15950
 Prev Bits: [0x000002683aec0000, 0x000002683ce50000)
 Next Bits: [0x000002683ce50000, 0x000002683ede0000)

Polling page: 0x0000026825c80000

Metaspace:

Usage:
  Non-class:     38.30 MB used.
      Class:      5.25 MB used.
       Both:     43.55 MB used.

Virtual space:
  Non-class space:       40.00 MB reserved,      38.44 MB ( 96%) committed,  5 nodes.
      Class space:        1.00 GB reserved,       5.38 MB ( <1%) committed,  1 nodes.
             Both:        1.04 GB reserved,      43.81 MB (  4%) committed. 

Chunk freelists:
   Non-Class:  1.59 MB
       Class:  2.61 MB
        Both:  4.20 MB

MaxMetaspaceSize: unlimited
CompressedClassSpaceSize: 1.00 GB
Initial GC threshold: 21.00 MB
Current GC threshold: 69.94 MB
CDS: off
MetaspaceReclaimPolicy: balanced
 - commit_granule_bytes: 65536.
 - commit_granule_words: 8192.
 - virtual_space_node_default_size: 1048576.
 - enlarge_chunks_in_place: 1.
 - new_chunks_are_fully_committed: 0.
 - uncommit_free_chunks: 1.
 - use_allocation_guard: 0.
 - handle_deallocations: 1.


Internal statistics:

num_allocs_failed_limit: 3.
num_arena_births: 152.
num_arena_deaths: 0.
num_vsnodes_births: 6.
num_vsnodes_deaths: 0.
num_space_committed: 700.
num_space_uncommitted: 0.
num_chunks_returned_to_freelist: 3.
num_chunks_taken_from_freelist: 1427.
num_chunk_merges: 3.
num_chunk_splits: 1178.
num_chunks_enlarged: 1073.
num_purges: 0.
num_inconsistent_stats: 0.

CodeHeap 'non-profiled nmethods': size=120000Kb used=1154Kb max_used=1154Kb free=118845Kb
 bounds [0x0000026832330000, 0x00000268325a0000, 0x0000026839860000]
CodeHeap 'profiled nmethods': size=120000Kb used=5911Kb max_used=5911Kb free=114088Kb
 bounds [0x000002682a860000, 0x000002682ae30000, 0x0000026831d90000]
CodeHeap 'non-nmethods': size=5760Kb used=1263Kb max_used=1309Kb free=4496Kb
 bounds [0x0000026831d90000, 0x0000026832000000, 0x0000026832330000]
 total_blobs=3624 nmethods=3048 adapters=488
 compilation: enabled
              stopped_count=0, restarted_count=0
 full_count=0

Compilation events (20 events):
Event: 4.578 Thread 0x0000026842459550 3092       1       org.jetbrains.kotlin.load.java.lazy.descriptors.LazyJavaScope::getC (5 bytes)
Event: 4.579 Thread 0x0000026842459550 nmethod 3092 0x000002683244e490 code [0x000002683244e620, 0x000002683244e6f8]
Event: 4.579 Thread 0x0000026842459550 3093   !   3       java.util.regex.Pattern::matcher (44 bytes)
Event: 4.579 Thread 0x0000026842459550 nmethod 3093 0x000002682ae22290 code [0x000002682ae22440, 0x000002682ae22798]
Event: 4.579 Thread 0x0000026842459550 3094       3       java.util.regex.Matcher::<init> (95 bytes)
Event: 4.579 Thread 0x0000026842459550 nmethod 3094 0x000002682ae22910 code [0x000002682ae22ae0, 0x000002682ae23108]
Event: 4.579 Thread 0x0000026842459550 3096       3       org.jetbrains.kotlin.metadata.jvm.deserialization.JvmMetadataVersion::isCompatible (59 bytes)
Event: 4.580 Thread 0x0000026842459550 nmethod 3096 0x000002682ae23290 code [0x000002682ae234e0, 0x000002682ae23dd8]
Event: 4.580 Thread 0x0000026842459550 3095       1       org.jetbrains.kotlin.resolve.CompilerDeserializationConfiguration::getSkipMetadataVersionCheck (5 bytes)
Event: 4.580 Thread 0x0000026842459550 nmethod 3095 0x000002683244e790 code [0x000002683244e920, 0x000002683244e9f8]
Event: 4.580 Thread 0x0000026842459550 3098       1       org.jetbrains.kotlin.load.java.typeEnhancement.AbstractSignatureParts$TypeAndDefaultQualifiers::getType (5 bytes)
Event: 4.580 Thread 0x0000026842459550 nmethod 3098 0x000002683244ea90 code [0x000002683244ec20, 0x000002683244ecf8]
Event: 4.587 Thread 0x0000026842450c40 nmethod 3082 0x000002683244f090 code [0x000002683244f240, 0x000002683244fc38]
Event: 4.587 Thread 0x0000026842450c40 3097       4       org.jetbrains.org.objectweb.asm.ClassReader::readElementValue (1237 bytes)
Event: 4.599 Thread 0x0000026842459550 3100       1       kotlin.jvm.internal.CallableReference::getName (5 bytes)
Event: 4.599 Thread 0x0000026842459550 nmethod 3100 0x0000026832450010 code [0x00000268324501a0, 0x0000026832450278]
Event: 4.599 Thread 0x0000026842459550 3101       1       kotlin.jvm.internal.CallableReference::getSignature (5 bytes)
Event: 4.599 Thread 0x0000026842459550 nmethod 3101 0x0000026832450310 code [0x00000268324504a0, 0x0000026832450578]
Event: 4.599 Thread 0x0000026842459550 3102       1       kotlin.jvm.internal.CallableReference::getBoundReceiver (5 bytes)
Event: 4.599 Thread 0x0000026842459550 nmethod 3102 0x0000026832450610 code [0x00000268324507a0, 0x0000026832450878]

GC Heap History (20 events):
Event: 1.625 GC heap before
{Heap before GC invocations=4 (full 0):
 garbage-first heap   total 31744K, used 14501K [0x0000000081c00000, 0x0000000100000000)
  region size 1024K, 6 young (6144K), 5 survivors (5120K)
 Metaspace       used 22728K, committed 22976K, reserved 1073152K
  class space    used 2762K, committed 2880K, reserved 1048576K
}
Event: 1.632 GC heap after
{Heap after GC invocations=5 (full 0):
 garbage-first heap   total 31744K, used 14572K [0x0000000081c00000, 0x0000000100000000)
  region size 1024K, 1 young (1024K), 1 survivors (1024K)
 Metaspace       used 22728K, committed 22976K, reserved 1073152K
  class space    used 2762K, committed 2880K, reserved 1048576K
}
Event: 2.240 GC heap before
{Heap before GC invocations=5 (full 0):
 garbage-first heap   total 31744K, used 20716K [0x0000000081c00000, 0x0000000100000000)
  region size 1024K, 8 young (8192K), 1 survivors (1024K)
 Metaspace       used 24713K, committed 24960K, reserved 1073152K
  class space    used 3208K, committed 3328K, reserved 1048576K
}
Event: 2.244 GC heap after
{Heap after GC invocations=6 (full 0):
 garbage-first heap   total 31744K, used 15360K [0x0000000081c00000, 0x0000000100000000)
  region size 1024K, 1 young (1024K), 1 survivors (1024K)
 Metaspace       used 24713K, committed 24960K, reserved 1073152K
  class space    used 3208K, committed 3328K, reserved 1048576K
}
Event: 2.429 GC heap before
{Heap before GC invocations=7 (full 0):
 garbage-first heap   total 31744K, used 21504K [0x0000000081c00000, 0x0000000100000000)
  region size 1024K, 8 young (8192K), 1 survivors (1024K)
 Metaspace       used 27102K, committed 27328K, reserved 1073152K
  class space    used 3477K, committed 3584K, reserved 1048576K
}
Event: 2.431 GC heap after
{Heap after GC invocations=8 (full 0):
 garbage-first heap   total 31744K, used 15739K [0x0000000081c00000, 0x0000000100000000)
  region size 1024K, 1 young (1024K), 1 survivors (1024K)
 Metaspace       used 27102K, committed 27328K, reserved 1073152K
  class space    used 3477K, committed 3584K, reserved 1048576K
}
Event: 2.443 GC heap before
{Heap before GC invocations=8 (full 0):
 garbage-first heap   total 31744K, used 16763K [0x0000000081c00000, 0x0000000100000000)
  region size 1024K, 2 young (2048K), 1 survivors (1024K)
 Metaspace       used 27173K, committed 27392K, reserved 1073152K
  class space    used 3478K, committed 3584K, reserved 1048576K
}
Event: 2.448 GC heap after
{Heap after GC invocations=9 (full 0):
 garbage-first heap   total 31744K, used 15907K [0x0000000081c00000, 0x0000000100000000)
  region size 1024K, 1 young (1024K), 1 survivors (1024K)
 Metaspace       used 27173K, committed 27392K, reserved 1073152K
  class space    used 3478K, committed 3584K, reserved 1048576K
}
Event: 2.562 GC heap before
{Heap before GC invocations=9 (full 0):
 garbage-first heap   total 31744K, used 23075K [0x0000000081c00000, 0x0000000100000000)
  region size 1024K, 8 young (8192K), 1 survivors (1024K)
 Metaspace       used 28570K, committed 28736K, reserved 1081344K
  class space    used 3631K, committed 3712K, reserved 1048576K
}
Event: 2.566 GC heap after
{Heap after GC invocations=10 (full 0):
 garbage-first heap   total 81920K, used 14847K [0x0000000081c00000, 0x0000000100000000)
  region size 1024K, 1 young (1024K), 1 survivors (1024K)
 Metaspace       used 28570K, committed 28736K, reserved 1081344K
  class space    used 3631K, committed 3712K, reserved 1048576K
}
Event: 3.038 GC heap before
{Heap before GC invocations=11 (full 0):
 garbage-first heap   total 55296K, used 42495K [0x0000000081c00000, 0x0000000100000000)
  region size 1024K, 29 young (29696K), 1 survivors (1024K)
 Metaspace       used 34403K, committed 34624K, reserved 1081344K
  class space    used 4189K, committed 4288K, reserved 1048576K
}
Event: 3.045 GC heap after
{Heap after GC invocations=12 (full 0):
 garbage-first heap   total 55296K, used 18299K [0x0000000081c00000, 0x0000000100000000)
  region size 1024K, 5 young (5120K), 5 survivors (5120K)
 Metaspace       used 34403K, committed 34624K, reserved 1081344K
  class space    used 4189K, committed 4288K, reserved 1048576K
}
Event: 3.442 GC heap before
{Heap before GC invocations=12 (full 0):
 garbage-first heap   total 55296K, used 36731K [0x0000000081c00000, 0x0000000100000000)
  region size 1024K, 23 young (23552K), 5 survivors (5120K)
 Metaspace       used 39264K, committed 39488K, reserved 1089536K
  class space    used 4781K, committed 4864K, reserved 1048576K
}
Event: 3.452 GC heap after
{Heap after GC invocations=13 (full 0):
 garbage-first heap   total 55296K, used 19093K [0x0000000081c00000, 0x0000000100000000)
  region size 1024K, 2 young (2048K), 2 survivors (2048K)
 Metaspace       used 39264K, committed 39488K, reserved 1089536K
  class space    used 4781K, committed 4864K, reserved 1048576K
}
Event: 4.241 GC heap before
{Heap before GC invocations=13 (full 0):
 garbage-first heap   total 55296K, used 40597K [0x0000000081c00000, 0x0000000100000000)
  region size 1024K, 20 young (20480K), 2 survivors (2048K)
 Metaspace       used 41962K, committed 42176K, reserved 1089536K
  class space    used 5093K, committed 5184K, reserved 1048576K
}
Event: 4.246 GC heap after
{Heap after GC invocations=14 (full 0):
 garbage-first heap   total 55296K, used 24063K [0x0000000081c00000, 0x0000000100000000)
  region size 1024K, 3 young (3072K), 3 survivors (3072K)
 Metaspace       used 41962K, committed 42176K, reserved 1089536K
  class space    used 5093K, committed 5184K, reserved 1048576K
}
Event: 4.291 GC heap before
{Heap before GC invocations=14 (full 0):
 garbage-first heap   total 55296K, used 39423K [0x0000000081c00000, 0x0000000100000000)
  region size 1024K, 18 young (18432K), 3 survivors (3072K)
 Metaspace       used 42049K, committed 42240K, reserved 1089536K
  class space    used 5093K, committed 5184K, reserved 1048576K
}
Event: 4.296 GC heap after
{Heap after GC invocations=15 (full 0):
 garbage-first heap   total 55296K, used 25462K [0x0000000081c00000, 0x0000000100000000)
  region size 1024K, 2 young (2048K), 2 survivors (2048K)
 Metaspace       used 42049K, committed 42240K, reserved 1089536K
  class space    used 5093K, committed 5184K, reserved 1048576K
}
Event: 4.422 GC heap before
{Heap before GC invocations=15 (full 0):
 garbage-first heap   total 55296K, used 39798K [0x0000000081c00000, 0x0000000100000000)
  region size 1024K, 16 young (16384K), 2 survivors (2048K)
 Metaspace       used 42757K, committed 42944K, reserved 1089536K
  class space    used 5165K, committed 5248K, reserved 1048576K
}
Event: 4.425 GC heap after
{Heap after GC invocations=16 (full 0):
 garbage-first heap   total 77824K, used 26489K [0x0000000081c00000, 0x0000000100000000)
  region size 1024K, 2 young (2048K), 2 survivors (2048K)
 Metaspace       used 42757K, committed 42944K, reserved 1089536K
  class space    used 5165K, committed 5248K, reserved 1048576K
}

Dll operation events (2 events):
Event: 0.007 Loaded shared library C:\Program Files\Android\Android Studio\jbr\bin\java.dll
Event: 1.191 Loaded shared library C:\Program Files\Android\Android Studio\jbr\bin\verify.dll

Deoptimization events (20 events):
Event: 4.502 Thread 0x0000026825bbc0c0 Uncommon trap: trap_request=0xffffffc6 fr.pc=0x00000268323c0fbc relative=0x000000000000009c
Event: 4.502 Thread 0x0000026825bbc0c0 Uncommon trap: reason=bimorphic_or_optimized_type_check action=maybe_recompile pc=0x00000268323c0fbc method=java.util.AbstractList$Itr.hasNext()Z @ 8 c2
Event: 4.502 Thread 0x0000026825bbc0c0 DEOPT PACKING pc=0x00000268323c0fbc sp=0x00000081d3afd050
Event: 4.502 Thread 0x0000026825bbc0c0 DEOPT UNPACKING pc=0x0000026831de69a3 sp=0x00000081d3afcfe8 mode 2
Event: 4.502 Thread 0x0000026825bbc0c0 Uncommon trap: trap_request=0xffffffc6 fr.pc=0x00000268323c0fbc relative=0x000000000000009c
Event: 4.502 Thread 0x0000026825bbc0c0 Uncommon trap: reason=bimorphic_or_optimized_type_check action=maybe_recompile pc=0x00000268323c0fbc method=java.util.AbstractList$Itr.hasNext()Z @ 8 c2
Event: 4.502 Thread 0x0000026825bbc0c0 DEOPT PACKING pc=0x00000268323c0fbc sp=0x00000081d3afd050
Event: 4.502 Thread 0x0000026825bbc0c0 DEOPT UNPACKING pc=0x0000026831de69a3 sp=0x00000081d3afcfe8 mode 2
Event: 4.528 Thread 0x0000026825bbc0c0 Uncommon trap: trap_request=0xffffffc6 fr.pc=0x0000026832404e1c relative=0x0000000000000ffc
Event: 4.528 Thread 0x0000026825bbc0c0 Uncommon trap: reason=bimorphic_or_optimized_type_check action=maybe_recompile pc=0x0000026832404e1c method=java.util.HashMap.putVal(ILjava/lang/Object;Ljava/lang/Object;ZZ)Ljava/lang/Object; @ 91 c2
Event: 4.528 Thread 0x0000026825bbc0c0 DEOPT PACKING pc=0x0000026832404e1c sp=0x00000081d3afca50
Event: 4.528 Thread 0x0000026825bbc0c0 DEOPT UNPACKING pc=0x0000026831de69a3 sp=0x00000081d3afc9e0 mode 2
Event: 4.528 Thread 0x0000026825bbc0c0 Uncommon trap: trap_request=0xffffffc6 fr.pc=0x0000026832404e1c relative=0x0000000000000ffc
Event: 4.528 Thread 0x0000026825bbc0c0 Uncommon trap: reason=bimorphic_or_optimized_type_check action=maybe_recompile pc=0x0000026832404e1c method=java.util.HashMap.putVal(ILjava/lang/Object;Ljava/lang/Object;ZZ)Ljava/lang/Object; @ 91 c2
Event: 4.528 Thread 0x0000026825bbc0c0 DEOPT PACKING pc=0x0000026832404e1c sp=0x00000081d3afcb30
Event: 4.528 Thread 0x0000026825bbc0c0 DEOPT UNPACKING pc=0x0000026831de69a3 sp=0x00000081d3afcac0 mode 2
Event: 4.586 Thread 0x0000026825bbc0c0 Uncommon trap: trap_request=0xffffff45 fr.pc=0x000002683244c4c4 relative=0x0000000000000224
Event: 4.586 Thread 0x0000026825bbc0c0 Uncommon trap: reason=unstable_if action=reinterpret pc=0x000002683244c4c4 method=org.jetbrains.kotlin.name.Name.hashCode()I @ 16 c2
Event: 4.586 Thread 0x0000026825bbc0c0 DEOPT PACKING pc=0x000002683244c4c4 sp=0x00000081d3afd930
Event: 4.586 Thread 0x0000026825bbc0c0 DEOPT UNPACKING pc=0x0000026831de69a3 sp=0x00000081d3afd8c8 mode 2

Classes unloaded (0 events):
No events

Classes redefined (0 events):
No events

Internal exceptions (20 events):
Event: 0.969 Thread 0x0000026825bbc0c0 Exception <a 'java/lang/NoSuchMethodError'{0x000000008984c058}: 'int java.lang.invoke.DelegatingMethodHandle$Holder.reinvoke_L(java.lang.Object, java.lang.Object, java.lang.Object, long, java.lang.Object, java.lang.Object)'> (0x000000008984c058) 
thrown [s\src\hotspot\share\interpreter\linkResolver.cpp, line 771]
Event: 0.971 Thread 0x0000026825bbc0c0 Exception <a 'java/lang/NoSuchMethodError'{0x000000008985abe8}: 'int java.lang.invoke.DelegatingMethodHandle$Holder.reinvoke_L(java.lang.Object, java.lang.Object, java.lang.Object, long, int, int)'> (0x000000008985abe8) 
thrown [s\src\hotspot\share\interpreter\linkResolver.cpp, line 771]
Event: 0.972 Thread 0x0000026825bbc0c0 Exception <a 'java/lang/NoSuchMethodError'{0x0000000089869520}: 'int java.lang.invoke.DelegatingMethodHandle$Holder.reinvoke_L(java.lang.Object, java.lang.Object, java.lang.Object, long, long, long)'> (0x0000000089869520) 
thrown [s\src\hotspot\share\interpreter\linkResolver.cpp, line 771]
Event: 0.973 Thread 0x0000026825bbc0c0 Exception <a 'java/lang/NoSuchMethodError'{0x0000000089877b38}: 'int java.lang.invoke.DelegatingMethodHandle$Holder.reinvoke_L(java.lang.Object, java.lang.Object, java.lang.Object, long, int)'> (0x0000000089877b38) 
thrown [s\src\hotspot\share\interpreter\linkResolver.cpp, line 771]
Event: 0.989 Thread 0x0000026825bbc0c0 Exception <a 'java/lang/NoSuchMethodError'{0x0000000089721010}: 'int java.lang.invoke.DirectMethodHandle$Holder.invokeStaticInit(java.lang.Object, java.lang.Object, java.lang.Object)'> (0x0000000089721010) 
thrown [s\src\hotspot\share\interpreter\linkResolver.cpp, line 771]
Event: 0.995 Thread 0x0000026825bbc0c0 Exception <a 'java/lang/NoSuchMethodError'{0x000000008974a118}: 'int java.lang.invoke.DirectMethodHandle$Holder.invokeStaticInit(java.lang.Object, java.lang.Object)'> (0x000000008974a118) 
thrown [s\src\hotspot\share\interpreter\linkResolver.cpp, line 771]
Event: 1.017 Thread 0x0000026825bbc0c0 Exception <a 'java/lang/NoSuchMethodError'{0x000000008962a560}: 'void java.lang.invoke.DirectMethodHandle$Holder.invokeSpecial(java.lang.Object, java.lang.Object, java.lang.Object)'> (0x000000008962a560) 
thrown [s\src\hotspot\share\interpreter\linkResolver.cpp, line 771]
Event: 1.087 Thread 0x0000026825bbc0c0 Exception <a 'java/lang/NoSuchMethodError'{0x000000008934fd80}: 'void java.lang.invoke.DirectMethodHandle$Holder.invokeStatic(java.lang.Object, java.lang.Object, java.lang.Object, java.lang.Object)'> (0x000000008934fd80) 
thrown [s\src\hotspot\share\interpreter\linkResolver.cpp, line 771]
Event: 1.159 Thread 0x0000026825bbc0c0 Exception <a 'java/lang/NoSuchMethodError'{0x0000000088f17a40}: 'void java.lang.invoke.DirectMethodHandle$Holder.invokeStaticInit(java.lang.Object, java.lang.Object)'> (0x0000000088f17a40) 
thrown [s\src\hotspot\share\interpreter\linkResolver.cpp, line 771]
Event: 1.289 Thread 0x0000026825bbc0c0 Exception <a 'java/lang/NoSuchMethodError'{0x0000000088bd6960}: 'void java.lang.invoke.DirectMethodHandle$Holder.invokeVirtual(java.lang.Object, java.lang.Object)'> (0x0000000088bd6960) 
thrown [s\src\hotspot\share\interpreter\linkResolver.cpp, line 771]
Event: 1.301 Thread 0x0000026825bbc0c0 Exception <a 'java/lang/NoSuchMethodError'{0x0000000088a515c0}: 'int java.lang.invoke.DirectMethodHandle$Holder.invokeVirtual(java.lang.Object, java.lang.Object)'> (0x0000000088a515c0) 
thrown [s\src\hotspot\share\interpreter\linkResolver.cpp, line 771]
Event: 1.323 Thread 0x0000026825bbc0c0 Exception <a 'java/lang/NoSuchMethodError'{0x000000008890d048}: 'java.lang.Object java.lang.invoke.Invokers$Holder.invokeExact_MT(java.lang.Object, java.lang.Object, java.lang.Object, java.lang.Object, java.lang.Object, java.lang.Object)'> (0x000000008890d048) 
thrown [s\src\hotspot\share\interpreter\linkResolver.cpp, line 771]
Event: 2.298 Thread 0x0000026825bbc0c0 Implicit null exception at 0x00000268323512f2 to 0x000002683235190c
Event: 2.451 Thread 0x0000026825bbc0c0 Implicit null exception at 0x000002683235a6f2 to 0x000002683235ad2c
Event: 2.501 Thread 0x0000026825bbc0c0 Exception <a 'java/lang/NoSuchMethodError'{0x0000000083679dd8}: 'java.lang.Object java.lang.invoke.DirectMethodHandle$Holder.invokeVirtual(java.lang.Object, java.lang.Object, java.lang.Object)'> (0x0000000083679dd8) 
thrown [s\src\hotspot\share\interpreter\linkResolver.cpp, line 771]
Event: 3.217 Thread 0x0000026825bbc0c0 Exception <a 'java/lang/NoSuchMethodError'{0x00000000849ff010}: 'java.lang.Object java.lang.invoke.DirectMethodHandle$Holder.newInvokeSpecial(java.lang.Object, java.lang.Object, int)'> (0x00000000849ff010) 
thrown [s\src\hotspot\share\interpreter\linkResolver.cpp, line 771]
Event: 3.308 Thread 0x0000026825bbc0c0 Exception <a 'java/lang/NoSuchMethodError'{0x000000008456d4d0}: 'java.lang.Object java.lang.invoke.DirectMethodHandle$Holder.newInvokeSpecial(java.lang.Object, java.lang.Object, java.lang.Object, int)'> (0x000000008456d4d0) 
thrown [s\src\hotspot\share\interpreter\linkResolver.cpp, line 771]
Event: 3.309 Thread 0x0000026825bbc0c0 Exception <a 'java/lang/NoSuchMethodError'{0x0000000084571b58}: 'java.lang.Object java.lang.invoke.DirectMethodHandle$Holder.invokeSpecial(java.lang.Object, java.lang.Object, java.lang.Object, java.lang.Object, int)'> (0x0000000084571b58) 
thrown [s\src\hotspot\share\interpreter\linkResolver.cpp, line 771]
Event: 3.309 Thread 0x0000026825bbc0c0 Exception <a 'java/lang/NoSuchMethodError'{0x00000000845759c8}: 'java.lang.Object java.lang.invoke.Invokers$Holder.linkToTargetMethod(java.lang.Object, java.lang.Object, int, java.lang.Object)'> (0x00000000845759c8) 
thrown [s\src\hotspot\share\interpreter\linkResolver.cpp, line 771]
Event: 4.585 Thread 0x0000026825bbc0c0 Exception <a 'java/lang/NoSuchMethodError'{0x000000008626fea0}: 'java.lang.Object java.lang.invoke.DirectMethodHandle$Holder.newInvokeSpecial(java.lang.Object, java.lang.Object, java.lang.Object, java.lang.Object, java.lang.Object)'> (0x000000008626fea0) 
thrown [s\src\hotspot\share\interpreter\linkResolver.cpp, line 771]

VM Operations (20 events):
Event: 3.560 Executing VM operation: HandshakeAllThreads
Event: 3.560 Executing VM operation: HandshakeAllThreads done
Event: 3.659 Executing VM operation: HandshakeAllThreads
Event: 3.659 Executing VM operation: HandshakeAllThreads done
Event: 4.144 Executing VM operation: ICBufferFull
Event: 4.144 Executing VM operation: ICBufferFull done
Event: 4.241 Executing VM operation: G1CollectForAllocation
Event: 4.246 Executing VM operation: G1CollectForAllocation done
Event: 4.291 Executing VM operation: G1CollectForAllocation
Event: 4.296 Executing VM operation: G1CollectForAllocation done
Event: 4.422 Executing VM operation: G1CollectForAllocation
Event: 4.427 Executing VM operation: G1CollectForAllocation done
Event: 4.447 Executing VM operation: G1Concurrent
Event: 4.450 Executing VM operation: G1Concurrent done
Event: 4.460 Executing VM operation: G1Concurrent
Event: 4.461 Executing VM operation: G1Concurrent done
Event: 4.574 Executing VM operation: HandshakeAllThreads
Event: 4.574 Executing VM operation: HandshakeAllThreads done
Event: 4.575 Executing VM operation: HandshakeAllThreads
Event: 4.575 Executing VM operation: HandshakeAllThreads done

Events (20 events):
Event: 3.747 loading class java/util/stream/ReduceOps$3ReducingSink
Event: 3.747 loading class java/util/stream/ReduceOps$AccumulatingSink
Event: 3.747 loading class java/util/stream/ReduceOps$AccumulatingSink done
Event: 3.747 loading class java/util/stream/ReduceOps$Box
Event: 3.747 loading class java/util/stream/ReduceOps$Box done
Event: 3.747 loading class java/util/stream/ReduceOps$3ReducingSink done
Event: 3.747 loading class java/util/stream/ReferencePipeline$2$1
Event: 3.747 loading class java/util/stream/ReferencePipeline$2$1 done
Event: 3.747 loading class java/util/stream/IntPipeline$1$1
Event: 3.747 loading class java/util/stream/Sink$ChainedInt
Event: 3.747 loading class java/util/stream/Sink$OfInt
Event: 3.748 loading class java/util/function/IntConsumer
Event: 3.748 loading class java/util/function/IntConsumer done
Event: 3.748 loading class java/util/stream/Sink$OfInt done
Event: 3.748 loading class java/util/stream/Sink$ChainedInt done
Event: 3.748 loading class java/util/stream/IntPipeline$1$1 done
Event: 4.311 loading class java/util/Collections$SingletonMap
Event: 4.311 loading class java/util/Collections$SingletonMap done
Event: 4.516 loading class java/io/NotSerializableException
Event: 4.516 loading class java/io/NotSerializableException done


Dynamic libraries:
0x00007ff6bf8e0000 - 0x00007ff6bf8ea000 	C:\Program Files\Android\Android Studio\jbr\bin\java.exe
0x00007ffa303b0000 - 0x00007ffa305c7000 	C:\Windows\SYSTEM32\ntdll.dll
0x00007ffa2eff0000 - 0x00007ffa2f0b4000 	C:\Windows\System32\KERNEL32.DLL
0x00007ffa2d720000 - 0x00007ffa2dac6000 	C:\Windows\System32\KERNELBASE.dll
0x00007ffa2db70000 - 0x00007ffa2dc81000 	C:\Windows\System32\ucrtbase.dll
0x00007ffa26ce0000 - 0x00007ffa26cf7000 	C:\Program Files\Android\Android Studio\jbr\bin\jli.dll
0x00007ffa26c40000 - 0x00007ffa26c5b000 	C:\Program Files\Android\Android Studio\jbr\bin\VCRUNTIME140.dll
0x00007ffa2f920000 - 0x00007ffa2face000 	C:\Windows\System32\USER32.dll
0x00007ffa2de70000 - 0x00007ffa2de96000 	C:\Windows\System32\win32u.dll
0x00007ffa15080000 - 0x00007ffa15313000 	C:\Windows\WinSxS\amd64_microsoft.windows.common-controls_6595b64144ccf1df_6.0.22621.2506_none_270c5ae97388e100\COMCTL32.dll
0x00007ffa2f0c0000 - 0x00007ffa2f0e9000 	C:\Windows\System32\GDI32.dll
0x00007ffa2e2c0000 - 0x00007ffa2e367000 	C:\Windows\System32\msvcrt.dll
0x00007ffa2dc90000 - 0x00007ffa2dda8000 	C:\Windows\System32\gdi32full.dll
0x00007ffa2dad0000 - 0x00007ffa2db6a000 	C:\Windows\System32\msvcp_win.dll
0x00007ffa2fad0000 - 0x00007ffa2fb01000 	C:\Windows\System32\IMM32.DLL
0x00007ffa2a5e0000 - 0x00007ffa2a5ec000 	C:\Program Files\Android\Android Studio\jbr\bin\vcruntime140_1.dll
0x00007ffa056a0000 - 0x00007ffa0572d000 	C:\Program Files\Android\Android Studio\jbr\bin\msvcp140.dll
0x00007ff9af770000 - 0x00007ff9b03de000 	C:\Program Files\Android\Android Studio\jbr\bin\server\jvm.dll
0x00007ffa2eb10000 - 0x00007ffa2ebc1000 	C:\Windows\System32\ADVAPI32.dll
0x00007ffa2ea60000 - 0x00007ffa2eb05000 	C:\Windows\System32\sechost.dll
0x00007ffa2e3e0000 - 0x00007ffa2e4f7000 	C:\Windows\System32\RPCRT4.dll
0x00007ffa153c0000 - 0x00007ffa153c9000 	C:\Windows\SYSTEM32\WSOCK32.dll
0x00007ffa2f6b0000 - 0x00007ffa2f721000 	C:\Windows\System32\WS2_32.dll
0x00007ffa24970000 - 0x00007ffa249a4000 	C:\Windows\SYSTEM32\WINMM.dll
0x00007ffa22b80000 - 0x00007ffa22b8a000 	C:\Windows\SYSTEM32\VERSION.dll
0x00007ffa2c700000 - 0x00007ffa2c718000 	C:\Windows\SYSTEM32\kernel.appcore.dll
0x00007ffa27490000 - 0x00007ffa2749a000 	C:\Program Files\Android\Android Studio\jbr\bin\jimage.dll
0x00007ffa2a790000 - 0x00007ffa2a9c3000 	C:\Windows\SYSTEM32\DBGHELP.DLL
0x00007ffa2f2c0000 - 0x00007ffa2f649000 	C:\Windows\System32\combase.dll
0x00007ffa2e980000 - 0x00007ffa2ea57000 	C:\Windows\System32\OLEAUT32.dll
0x00007ffa07230000 - 0x00007ffa07262000 	C:\Windows\SYSTEM32\dbgcore.DLL
0x00007ffa2df10000 - 0x00007ffa2df8a000 	C:\Windows\System32\bcryptPrimitives.dll
0x00007ffa09f80000 - 0x00007ffa09fa5000 	C:\Program Files\Android\Android Studio\jbr\bin\java.dll
0x00007ffa09f60000 - 0x00007ffa09f78000 	C:\Program Files\Android\Android Studio\jbr\bin\zip.dll
0x00007ffa2fb10000 - 0x00007ffa3036a000 	C:\Windows\System32\SHELL32.dll
0x00007ffa2b620000 - 0x00007ffa2bf16000 	C:\Windows\SYSTEM32\windows.storage.dll
0x00007ffa2b4e0000 - 0x00007ffa2b61e000 	C:\Windows\SYSTEM32\wintypes.dll
0x00007ffa2f740000 - 0x00007ffa2f833000 	C:\Windows\System32\SHCORE.dll
0x00007ffa2f8c0000 - 0x00007ffa2f91e000 	C:\Windows\System32\shlwapi.dll
0x00007ffa2d650000 - 0x00007ffa2d676000 	C:\Windows\SYSTEM32\profapi.dll
0x00007ffa09f40000 - 0x00007ffa09f59000 	C:\Program Files\Android\Android Studio\jbr\bin\net.dll
0x00007ffa26650000 - 0x00007ffa26787000 	C:\Windows\SYSTEM32\WINHTTP.dll
0x00007ffa2cb80000 - 0x00007ffa2cbe9000 	C:\Windows\system32\mswsock.dll
0x00007ffa09cd0000 - 0x00007ffa09ce6000 	C:\Program Files\Android\Android Studio\jbr\bin\nio.dll
0x00007ffa26cd0000 - 0x00007ffa26ce0000 	C:\Program Files\Android\Android Studio\jbr\bin\verify.dll

dbghelp: loaded successfully - version: 4.0.5 - missing functions: none
symbol engine: initialized successfully - sym options: 0x614 - pdb path: .;C:\Program Files\Android\Android Studio\jbr\bin;C:\Windows\SYSTEM32;C:\Windows\WinSxS\amd64_microsoft.windows.common-controls_6595b64144ccf1df_6.0.22621.2506_none_270c5ae97388e100;C:\Program Files\Android\Android Studio\jbr\bin\server

VM Arguments:
java_command: org.jetbrains.kotlin.cli.jvm.K2JVMCompiler @C:\Users\Administrator\Downloads\NiFlex\NiFlex\build\admob_flutter\20231218_12945696383332959736.compiler.options
java_class_path (initial): C:\Users\Administrator\.gradle\caches\modules-2\files-2.1\org.jetbrains.kotlin\kotlin-compiler-embeddable\1.9.21\a8f2d2fed3fc195beef3fab4a7fd1a844e101f0e\kotlin-compiler-embeddable-1.9.21.jar;C:\Users\Administrator\.gradle\caches\modules-2\files-2.1\org.jetbrains.kotlin\kotlin-stdlib\1.9.21\17ee3e873d439566c7d8354403b5f3d9744c4c9c\kotlin-stdlib-1.9.21.jar;C:\Users\Administrator\.gradle\caches\modules-2\files-2.1\org.jetbrains.kotlin\kotlin-script-runtime\1.9.21\f5ff679bd666f7f2376209fff998b775b7b701c7\kotlin-script-runtime-1.9.21.jar;C:\Users\Administrator\.gradle\caches\modules-2\files-2.1\org.jetbrains.kotlin\kotlin-reflect\1.6.10\1cbe9c92c12a94eea200d23c2bbaedaf3daf5132\kotlin-reflect-1.6.10.jar;C:\Users\Administrator\.gradle\caches\modules-2\files-2.1\org.jetbrains.kotlin\kotlin-daemon-embeddable\1.9.21\e21e55f41ec5f254aec366097b902709b5843234\kotlin-daemon-embeddable-1.9.21.jar;C:\Users\Administrator\.gradle\caches\modules-2\files-2.1\org.jetbrains.intellij.deps\trove4j\1.0.20200330\3afb14d5f9ceb459d724e907a21145e8ff394f02\trove4j-1.0.20200330.jar;C:\Users\Administrator\.gradle\caches\modules-2\files-2.1\org.jetbrains\annotations\13.0\919f0dfe192fb4e063e7dacadee7f8bb9a2672a9\annotations-13.0.jar
Launcher Type: SUN_STANDARD

[Global flags]
     intx CICompilerCount                          = 4                                         {product} {ergonomic}
     uint ConcGCThreads                            = 2                                         {product} {ergonomic}
     uint G1ConcRefinementThreads                  = 8                                         {product} {ergonomic}
   size_t G1HeapRegionSize                         = 1048576                                   {product} {ergonomic}
    uintx GCDrainStackTargetSize                   = 64                                        {product} {ergonomic}
   size_t InitialHeapSize                          = 134217728                                 {product} {ergonomic}
   size_t MarkStackSize                            = 4194304                                   {product} {ergonomic}
   size_t MaxHeapSize                              = 2118123520                                {product} {ergonomic}
   size_t MaxNewSize                               = 1270874112                                {product} {ergonomic}
   size_t MinHeapDeltaBytes                        = 1048576                                   {product} {ergonomic}
   size_t MinHeapSize                              = 8388608                                   {product} {ergonomic}
    uintx NonNMethodCodeHeapSize                   = 5839372                                {pd product} {ergonomic}
    uintx NonProfiledCodeHeapSize                  = 122909434                              {pd product} {ergonomic}
    uintx ProfiledCodeHeapSize                     = 122909434                              {pd product} {ergonomic}
    uintx ReservedCodeCacheSize                    = 251658240                              {pd product} {ergonomic}
     bool SegmentedCodeCache                       = true                                      {product} {ergonomic}
   size_t SoftMaxHeapSize                          = 2118123520                             {manageable} {ergonomic}
     bool UseCompressedClassPointers               = true                           {product lp64_product} {ergonomic}
     bool UseCompressedOops                        = true                           {product lp64_product} {ergonomic}
     bool UseG1GC                                  = true                                      {product} {ergonomic}
     bool UseLargePagesIndividualAllocation        = false                                  {pd product} {ergonomic}

Logging:
Log output configuration:
 #0: stdout all=warning uptime,level,tags
 #1: stderr all=off uptime,level,tags

Environment Variables:
JAVA_HOME=C:\Program Files\Android\Android Studio\jbr
CLASSPATH=C:\Users\Administrator\Downloads\NiFlex\NiFlex\android\\gradle\wrapper\gradle-wrapper.jar
PATH=C:\Program Files\Android\Android Studio\jbr\bin;E:\Android\flutter\bin\;C:\Program Files (x86)\Common Files\Oracle\Java\javapath;C:\Windows\system32;C:\Windows;C:\Windows\System32\Wbem;C:\Windows\System32\WindowsPowerShell\v1.0\;C:\Windows\System32\OpenSSH\;C:\Program Files\NVIDIA Corporation\NVIDIA NvDLISR;C:\Program Files (x86)\NVIDIA Corporation\PhysX\Common;C:\Program Files\PuTTY\;C:\Program Files (x86)\dotnet\;C:\Program Files (x86)\nodejs\;C:\Program Files\Cloudflare\Cloudflare WARP\;C:\Program Files\Git\cmd;E:\Android\flutter\bin;C:\Program Files\dotnet\;C:\Users\Administrator\AppData\Local\Programs\Python\Python312\Scripts\;C:\Users\Administrator\AppData\Local\Programs\Python\Python312\;C:\Users\Administrator\AppData\Local\Microsoft\WindowsApps;C:\Users\Administrator\.dotnet\tools;C:\Users\Administrator\AppData\Local\Programs\Microsoft VS Code\bin;C:\Users\Administrator\AppData\Roaming\npm;C:\Users\Administrator\AppData\Local\GitHubDesktop\bin;E:\Android\flutter\bin\mingit\cmd
USERNAME=Administrator
LANG=en_US.UTF-8
OS=Windows_NT
PROCESSOR_IDENTIFIER=Intel64 Family 6 Model 142 Stepping 10, GenuineIntel
TMP=C:\Users\ADMINI~1\AppData\Local\Temp
TEMP=C:\Users\ADMINI~1\AppData\Local\Temp


JNI global refs:
JNI global refs: 9, weak refs: 1

JNI global refs memory usage: 843, weak refs: 841


---------------  S Y S T E M  ---------------

OS:
 Windows 11 , 64 bit Build 22621 (10.0.22621.2506)
OS uptime: 0 days 4:48 hours

CPU: total 8 (initial active 8) (4 cores per cpu, 2 threads per core) family 6 model 142 stepping 10 microcode 0xe0, cx8, cmov, fxsr, ht, mmx, 3dnowpref, sse, sse2, sse3, ssse3, sse4.1, sse4.2, popcnt, lzcnt, tsc, tscinvbit, avx, avx2, aes, erms, clmul, bmi1, bmi2, adx, fma, vzeroupper, clflush, clflushopt

Memory: 4k page, system-wide physical 8074M (351M free)
TotalPageFile size 16074M (AvailPageFile size 5M)
current process WorkingSet (physical memory assigned to process): 182M, peak: 182M
current process commit charge ("private bytes"): 233M, peak: 233M

vm_info: OpenJDK 64-Bit Server VM (17.0.6+0-b2043.56-10027231) for windows-amd64 JRE (17.0.6+0-b2043.56-10027231), built on Apr 28 2023 00:43:19 by "androidbuild" with MS VC++ 16.10 / 16.11 (VS2019)

END.
